<?xml version="1.0" encoding="UTF-8"?>
<!-- Generated by org.testng.reporters.JUnitReportReporter -->
<testsuite hostname="01hw2164715" failures="0" tests="1" name="com.perfecto.web.Example" time="435.939" errors="0" timestamp="3 Oct 2023 12:41:25 GMT">
  <testcase classname="com.perfecto.web.Example" name="loginSICRED" time="435.939"/>
</testsuite> <!-- com.perfecto.web.Example -->
