<?xml version="1.0" encoding="UTF-8"?>
<!-- Generated by org.testng.reporters.JUnitReportReporter -->
<testsuite hostname="01HW1859391" failures="0" tests="1" name="com.perfecto.web.Creacion_Garantias" time="262.263" errors="0" timestamp="11 Oct 2023 15:30:59 GMT">
  <testcase classname="com.perfecto.web.Creacion_Garantias" name="CreationOfRealPrendariaGarantias" time="262.263"/>
</testsuite> <!-- com.perfecto.web.Creacion_Garantias -->
